Started GET "/" for 127.0.0.1 at 2018-06-21 11:46:03 +0200
Processing by TrisController#tris as HTML
  Rendering tris/tris.html within layouts/application
  Rendered tris/tris.html within layouts/application (2.1ms)
Completed 200 OK in 2227ms (Views: 1922.3ms)


Started GET "/tris.css" for 127.0.0.1 at 2018-06-21 11:46:06 +0200
  
ActionController::RoutingError (No route matches [GET] "/tris.css"):
  
actionpack (5.1.6) lib/action_dispatch/middleware/debug_exceptions.rb:63:in `call'
web-console (3.6.2) lib/web_console/middleware.rb:135:in `call_app'
web-console (3.6.2) lib/web_console/middleware.rb:30:in `block in call'
web-console (3.6.2) lib/web_console/middleware.rb:20:in `catch'
web-console (3.6.2) lib/web_console/middleware.rb:20:in `call'
actionpack (5.1.6) lib/action_dispatch/middleware/show_exceptions.rb:31:in `call'
railties (5.1.6) lib/rails/rack/logger.rb:36:in `call_app'
railties (5.1.6) lib/rails/rack/logger.rb:24:in `block in call'
activesupport (5.1.6) lib/active_support/tagged_logging.rb:69:in `block in tagged'
activesupport (5.1.6) lib/active_support/tagged_logging.rb:26:in `tagged'
activesupport (5.1.6) lib/active_support/tagged_logging.rb:69:in `tagged'
railties (5.1.6) lib/rails/rack/logger.rb:24:in `call'
sprockets-rails (3.2.1) lib/sprockets/rails/quiet_assets.rb:13:in `call'
actionpack (5.1.6) lib/action_dispatch/middleware/remote_ip.rb:79:in `call'
actionpack (5.1.6) lib/action_dispatch/middleware/request_id.rb:25:in `call'
rack (2.0.5) lib/rack/method_override.rb:22:in `call'
rack (2.0.5) lib/rack/runtime.rb:22:in `call'
activesupport (5.1.6) lib/active_support/cache/strategy/local_cache_middleware.rb:27:in `call'
actionpack (5.1.6) lib/action_dispatch/middleware/executor.rb:12:in `call'
actionpack (5.1.6) lib/action_dispatch/middleware/static.rb:125:in `call'
rack (2.0.5) lib/rack/sendfile.rb:111:in `call'
railties (5.1.6) lib/rails/engine.rb:522:in `call'
puma (3.11.4) lib/puma/configuration.rb:225:in `call'
puma (3.11.4) lib/puma/server.rb:632:in `handle_request'
puma (3.11.4) lib/puma/server.rb:446:in `process_client'
puma (3.11.4) lib/puma/server.rb:306:in `block in run'
puma (3.11.4) lib/puma/thread_pool.rb:120:in `block in spawn_thread'
Started GET "/tris.js" for 127.0.0.1 at 2018-06-21 11:46:06 +0200
  
ActionController::RoutingError (No route matches [GET] "/tris.js"):
  
actionpack (5.1.6) lib/action_dispatch/middleware/debug_exceptions.rb:63:in `call'
web-console (3.6.2) lib/web_console/middleware.rb:135:in `call_app'
web-console (3.6.2) lib/web_console/middleware.rb:30:in `block in call'
web-console (3.6.2) lib/web_console/middleware.rb:20:in `catch'
web-console (3.6.2) lib/web_console/middleware.rb:20:in `call'
actionpack (5.1.6) lib/action_dispatch/middleware/show_exceptions.rb:31:in `call'
railties (5.1.6) lib/rails/rack/logger.rb:36:in `call_app'
railties (5.1.6) lib/rails/rack/logger.rb:24:in `block in call'
activesupport (5.1.6) lib/active_support/tagged_logging.rb:69:in `block in tagged'
activesupport (5.1.6) lib/active_support/tagged_logging.rb:26:in `tagged'
activesupport (5.1.6) lib/active_support/tagged_logging.rb:69:in `tagged'
railties (5.1.6) lib/rails/rack/logger.rb:24:in `call'
sprockets-rails (3.2.1) lib/sprockets/rails/quiet_assets.rb:13:in `call'
actionpack (5.1.6) lib/action_dispatch/middleware/remote_ip.rb:79:in `call'
actionpack (5.1.6) lib/action_dispatch/middleware/request_id.rb:25:in `call'
rack (2.0.5) lib/rack/method_override.rb:22:in `call'
rack (2.0.5) lib/rack/runtime.rb:22:in `call'
activesupport (5.1.6) lib/active_support/cache/strategy/local_cache_middleware.rb:27:in `call'
actionpack (5.1.6) lib/action_dispatch/middleware/executor.rb:12:in `call'
actionpack (5.1.6) lib/action_dispatch/middleware/static.rb:125:in `call'
rack (2.0.5) lib/rack/sendfile.rb:111:in `call'
railties (5.1.6) lib/rails/engine.rb:522:in `call'
puma (3.11.4) lib/puma/configuration.rb:225:in `call'
puma (3.11.4) lib/puma/server.rb:632:in `handle_request'
puma (3.11.4) lib/puma/server.rb:446:in `process_client'
puma (3.11.4) lib/puma/server.rb:306:in `block in run'
puma (3.11.4) lib/puma/thread_pool.rb:120:in `block in spawn_thread'
Started GET "/tris.js" for 127.0.0.1 at 2018-06-21 11:46:07 +0200
  
ActionController::RoutingError (No route matches [GET] "/tris.js"):
  
actionpack (5.1.6) lib/action_dispatch/middleware/debug_exceptions.rb:63:in `call'
web-console (3.6.2) lib/web_console/middleware.rb:135:in `call_app'
web-console (3.6.2) lib/web_console/middleware.rb:30:in `block in call'
web-console (3.6.2) lib/web_console/middleware.rb:20:in `catch'
web-console (3.6.2) lib/web_console/middleware.rb:20:in `call'
actionpack (5.1.6) lib/action_dispatch/middleware/show_exceptions.rb:31:in `call'
railties (5.1.6) lib/rails/rack/logger.rb:36:in `call_app'
railties (5.1.6) lib/rails/rack/logger.rb:24:in `block in call'
activesupport (5.1.6) lib/active_support/tagged_logging.rb:69:in `block in tagged'
activesupport (5.1.6) lib/active_support/tagged_logging.rb:26:in `tagged'
activesupport (5.1.6) lib/active_support/tagged_logging.rb:69:in `tagged'
railties (5.1.6) lib/rails/rack/logger.rb:24:in `call'
sprockets-rails (3.2.1) lib/sprockets/rails/quiet_assets.rb:13:in `call'
actionpack (5.1.6) lib/action_dispatch/middleware/remote_ip.rb:79:in `call'
actionpack (5.1.6) lib/action_dispatch/middleware/request_id.rb:25:in `call'
rack (2.0.5) lib/rack/method_override.rb:22:in `call'
rack (2.0.5) lib/rack/runtime.rb:22:in `call'
activesupport (5.1.6) lib/active_support/cache/strategy/local_cache_middleware.rb:27:in `call'
actionpack (5.1.6) lib/action_dispatch/middleware/executor.rb:12:in `call'
actionpack (5.1.6) lib/action_dispatch/middleware/static.rb:125:in `call'
rack (2.0.5) lib/rack/sendfile.rb:111:in `call'
railties (5.1.6) lib/rails/engine.rb:522:in `call'
puma (3.11.4) lib/puma/configuration.rb:225:in `call'
puma (3.11.4) lib/puma/server.rb:632:in `handle_request'
puma (3.11.4) lib/puma/server.rb:446:in `process_client'
puma (3.11.4) lib/puma/server.rb:306:in `block in run'
puma (3.11.4) lib/puma/thread_pool.rb:120:in `block in spawn_thread'
Started GET "/" for 127.0.0.1 at 2018-06-21 11:47:04 +0200
Processing by TrisController#tris as HTML
  Rendering tris/tris.html within layouts/application
  Rendered tris/tris.html within layouts/application (0.5ms)
Completed 200 OK in 32ms (Views: 31.5ms)


Started GET "/" for 127.0.0.1 at 2018-06-21 11:48:44 +0200
Processing by TrisController#tris as HTML
  Rendering tris/tris.html within layouts/application
  Rendered tris/tris.html within layouts/application (0.5ms)
Completed 200 OK in 50ms (Views: 49.5ms)


Started GET "/move.js" for 127.0.0.1 at 2018-06-21 11:48:44 +0200
  
ActionController::RoutingError (No route matches [GET] "/move.js"):
  
actionpack (5.1.6) lib/action_dispatch/middleware/debug_exceptions.rb:63:in `call'
web-console (3.6.2) lib/web_console/middleware.rb:135:in `call_app'
web-console (3.6.2) lib/web_console/middleware.rb:30:in `block in call'
web-console (3.6.2) lib/web_console/middleware.rb:20:in `catch'
web-console (3.6.2) lib/web_console/middleware.rb:20:in `call'
actionpack (5.1.6) lib/action_dispatch/middleware/show_exceptions.rb:31:in `call'
railties (5.1.6) lib/rails/rack/logger.rb:36:in `call_app'
railties (5.1.6) lib/rails/rack/logger.rb:24:in `block in call'
activesupport (5.1.6) lib/active_support/tagged_logging.rb:69:in `block in tagged'
activesupport (5.1.6) lib/active_support/tagged_logging.rb:26:in `tagged'
activesupport (5.1.6) lib/active_support/tagged_logging.rb:69:in `tagged'
railties (5.1.6) lib/rails/rack/logger.rb:24:in `call'
sprockets-rails (3.2.1) lib/sprockets/rails/quiet_assets.rb:13:in `call'
actionpack (5.1.6) lib/action_dispatch/middleware/remote_ip.rb:79:in `call'
actionpack (5.1.6) lib/action_dispatch/middleware/request_id.rb:25:in `call'
rack (2.0.5) lib/rack/method_override.rb:22:in `call'
rack (2.0.5) lib/rack/runtime.rb:22:in `call'
activesupport (5.1.6) lib/active_support/cache/strategy/local_cache_middleware.rb:27:in `call'
actionpack (5.1.6) lib/action_dispatch/middleware/executor.rb:12:in `call'
actionpack (5.1.6) lib/action_dispatch/middleware/static.rb:125:in `call'
rack (2.0.5) lib/rack/sendfile.rb:111:in `call'
railties (5.1.6) lib/rails/engine.rb:522:in `call'
puma (3.11.4) lib/puma/configuration.rb:225:in `call'
puma (3.11.4) lib/puma/server.rb:632:in `handle_request'
puma (3.11.4) lib/puma/server.rb:446:in `process_client'
puma (3.11.4) lib/puma/server.rb:306:in `block in run'
puma (3.11.4) lib/puma/thread_pool.rb:120:in `block in spawn_thread'
Started GET "/" for 127.0.0.1 at 2018-06-21 11:49:23 +0200
Processing by TrisController#tris as HTML
  Rendering tris/tris.html within layouts/application
  Rendered tris/tris.html within layouts/application (0.9ms)
Completed 200 OK in 67ms (Views: 66.5ms)


Started GET "/move.js" for 127.0.0.1 at 2018-06-21 11:49:23 +0200
  
ActionController::RoutingError (No route matches [GET] "/move.js"):
  
actionpack (5.1.6) lib/action_dispatch/middleware/debug_exceptions.rb:63:in `call'
web-console (3.6.2) lib/web_console/middleware.rb:135:in `call_app'
web-console (3.6.2) lib/web_console/middleware.rb:30:in `block in call'
web-console (3.6.2) lib/web_console/middleware.rb:20:in `catch'
web-console (3.6.2) lib/web_console/middleware.rb:20:in `call'
actionpack (5.1.6) lib/action_dispatch/middleware/show_exceptions.rb:31:in `call'
railties (5.1.6) lib/rails/rack/logger.rb:36:in `call_app'
railties (5.1.6) lib/rails/rack/logger.rb:24:in `block in call'
activesupport (5.1.6) lib/active_support/tagged_logging.rb:69:in `block in tagged'
activesupport (5.1.6) lib/active_support/tagged_logging.rb:26:in `tagged'
activesupport (5.1.6) lib/active_support/tagged_logging.rb:69:in `tagged'
railties (5.1.6) lib/rails/rack/logger.rb:24:in `call'
sprockets-rails (3.2.1) lib/sprockets/rails/quiet_assets.rb:13:in `call'
actionpack (5.1.6) lib/action_dispatch/middleware/remote_ip.rb:79:in `call'
actionpack (5.1.6) lib/action_dispatch/middleware/request_id.rb:25:in `call'
rack (2.0.5) lib/rack/method_override.rb:22:in `call'
rack (2.0.5) lib/rack/runtime.rb:22:in `call'
activesupport (5.1.6) lib/active_support/cache/strategy/local_cache_middleware.rb:27:in `call'
actionpack (5.1.6) lib/action_dispatch/middleware/executor.rb:12:in `call'
actionpack (5.1.6) lib/action_dispatch/middleware/static.rb:125:in `call'
rack (2.0.5) lib/rack/sendfile.rb:111:in `call'
railties (5.1.6) lib/rails/engine.rb:522:in `call'
puma (3.11.4) lib/puma/configuration.rb:225:in `call'
puma (3.11.4) lib/puma/server.rb:632:in `handle_request'
puma (3.11.4) lib/puma/server.rb:446:in `process_client'
puma (3.11.4) lib/puma/server.rb:306:in `block in run'
puma (3.11.4) lib/puma/thread_pool.rb:120:in `block in spawn_thread'
Started GET "/" for 127.0.0.1 at 2018-06-21 11:49:58 +0200
Processing by TrisController#tris as HTML
  Rendering tris/tris.html within layouts/application
  Rendered tris/tris.html within layouts/application (0.7ms)
Completed 200 OK in 45ms (Views: 44.6ms)


Started GET "/" for 127.0.0.1 at 2018-06-21 11:50:26 +0200
Processing by TrisController#tris as HTML
  Rendering tris/tris.html within layouts/application
  Rendered tris/tris.html within layouts/application (0.7ms)
Completed 200 OK in 30ms (Views: 29.2ms)


Started GET "/" for 127.0.0.1 at 2018-06-21 12:06:50 +0200
Processing by TrisController#tris as HTML
  Rendering tris/tris.html within layouts/application
  Rendered tris/tris.html within layouts/application (1.4ms)
Completed 200 OK in 125ms (Views: 122.6ms)


Started GET "/" for 127.0.0.1 at 2018-06-21 12:07:13 +0200
Processing by TrisController#tris as HTML
  Rendering tris/tris.html within layouts/application
  Rendered tris/tris.html within layouts/application (1.2ms)
Completed 200 OK in 43ms (Views: 41.6ms)


Started GET "/" for 127.0.0.1 at 2018-06-21 12:07:42 +0200
Processing by TrisController#tris as HTML
  Rendering tris/tris.html within layouts/application
  Rendered tris/tris.html within layouts/application (0.9ms)
Completed 200 OK in 36ms (Views: 35.3ms)


Started GET "/" for 127.0.0.1 at 2018-06-21 12:08:31 +0200
Processing by TrisController#tris as HTML
  Rendering tris/tris.html within layouts/application
  Rendered tris/tris.html within layouts/application (0.7ms)
Completed 200 OK in 47ms (Views: 46.0ms)


Started GET "/" for 127.0.0.1 at 2018-06-21 12:09:26 +0200
Processing by TrisController#tris as HTML
  Rendering tris/tris.html within layouts/application
  Rendered tris/tris.html within layouts/application (0.8ms)
Completed 200 OK in 77ms (Views: 75.5ms)


Started GET "/" for 127.0.0.1 at 2018-06-21 12:09:50 +0200
Processing by TrisController#tris as HTML
  Rendering tris/tris.html within layouts/application
  Rendered tris/tris.html within layouts/application (0.8ms)
Completed 200 OK in 74ms (Views: 73.2ms)


Started GET "/" for 127.0.0.1 at 2018-06-21 12:09:57 +0200
Processing by TrisController#tris as HTML
  Rendering tris/tris.html within layouts/application
  Rendered tris/tris.html within layouts/application (0.6ms)
Completed 200 OK in 44ms (Views: 43.5ms)


Started GET "/" for 127.0.0.1 at 2018-06-21 12:10:28 +0200
Processing by TrisController#tris as HTML
  Rendering tris/tris.html within layouts/application
  Rendered tris/tris.html within layouts/application (0.7ms)
Completed 200 OK in 59ms (Views: 57.5ms)


Started GET "/" for 127.0.0.1 at 2018-06-21 12:11:46 +0200
Processing by TrisController#tris as HTML
  Rendering tris/tris.html within layouts/application
  Rendered tris/tris.html within layouts/application (0.7ms)
Completed 200 OK in 50ms (Views: 49.2ms)


Started GET "/" for 127.0.0.1 at 2018-06-21 12:12:14 +0200
Processing by TrisController#tris as HTML
  Rendering tris/tris.html within layouts/application
  Rendered tris/tris.html within layouts/application (0.4ms)
Completed 200 OK in 48ms (Views: 47.0ms)


Started GET "/" for 127.0.0.1 at 2018-06-21 12:13:21 +0200
Processing by TrisController#tris as HTML
  Rendering tris/tris.html within layouts/application
  Rendered tris/tris.html within layouts/application (0.6ms)
Completed 200 OK in 69ms (Views: 67.8ms)


Started GET "/" for 127.0.0.1 at 2018-06-21 12:14:03 +0200
Processing by TrisController#tris as HTML
  Rendering tris/tris.html within layouts/application
  Rendered tris/tris.html within layouts/application (0.6ms)
Completed 200 OK in 63ms (Views: 62.6ms)


Started GET "/" for 127.0.0.1 at 2018-06-21 12:15:01 +0200
Processing by TrisController#tris as HTML
  Rendering tris/tris.html within layouts/application
  Rendered tris/tris.html within layouts/application (0.9ms)
Completed 200 OK in 42ms (Views: 41.0ms)


Started GET "/" for 127.0.0.1 at 2018-06-21 12:15:36 +0200
Processing by TrisController#tris as HTML
  Rendering tris/tris.html within layouts/application
  Rendered tris/tris.html within layouts/application (0.7ms)
Completed 200 OK in 35ms (Views: 34.4ms)


Started GET "/" for 127.0.0.1 at 2018-06-21 12:16:14 +0200
Processing by TrisController#tris as HTML
  Rendering tris/tris.html within layouts/application
  Rendered tris/tris.html within layouts/application (0.9ms)
Completed 200 OK in 84ms (Views: 82.6ms)


Started GET "/" for 127.0.0.1 at 2018-06-21 12:17:04 +0200
Processing by TrisController#tris as HTML
  Rendering tris/tris.html within layouts/application
  Rendered tris/tris.html within layouts/application (0.5ms)
Completed 200 OK in 54ms (Views: 53.6ms)


Started GET "/" for 127.0.0.1 at 2018-06-21 12:17:43 +0200
Processing by TrisController#tris as HTML
  Rendering tris/tris.html within layouts/application
  Rendered tris/tris.html within layouts/application (0.5ms)
Completed 200 OK in 44ms (Views: 43.4ms)


Started GET "/" for 127.0.0.1 at 2018-06-21 12:18:21 +0200
Processing by TrisController#tris as HTML
  Rendering tris/tris.html within layouts/application
  Rendered tris/tris.html within layouts/application (0.7ms)
Completed 200 OK in 62ms (Views: 60.8ms)


Started GET "/" for 127.0.0.1 at 2018-06-21 12:18:50 +0200
Processing by TrisController#tris as HTML
  Rendering tris/tris.html within layouts/application
  Rendered tris/tris.html within layouts/application (0.4ms)
Completed 200 OK in 50ms (Views: 49.8ms)


Started GET "/" for 127.0.0.1 at 2018-06-21 12:20:17 +0200
Processing by TrisController#tris as HTML
  Rendering tris/tris.html within layouts/application
  Rendered tris/tris.html within layouts/application (0.4ms)
Completed 200 OK in 51ms (Views: 50.3ms)


Started GET "/" for 127.0.0.1 at 2018-06-21 12:22:00 +0200
Processing by TrisController#tris as HTML
  Rendering tris/tris.html within layouts/application
  Rendered tris/tris.html within layouts/application (0.5ms)
Completed 200 OK in 37ms (Views: 36.4ms)


Started GET "/" for 127.0.0.1 at 2018-06-21 12:22:19 +0200
Processing by TrisController#tris as HTML
  Rendering tris/tris.html within layouts/application
  Rendered tris/tris.html within layouts/application (0.5ms)
Completed 200 OK in 50ms (Views: 49.5ms)


Started GET "/" for 127.0.0.1 at 2018-06-21 12:25:19 +0200
Processing by TrisController#tris as HTML
  Rendering tris/tris.html within layouts/application
  Rendered tris/tris.html within layouts/application (0.6ms)
Completed 200 OK in 83ms (Views: 81.4ms)


Started GET "/" for 127.0.0.1 at 2018-06-21 12:25:43 +0200
Processing by TrisController#tris as HTML
  Rendering tris/tris.html within layouts/application
  Rendered tris/tris.html within layouts/application (0.6ms)
Completed 200 OK in 52ms (Views: 51.3ms)


Started GET "/" for 127.0.0.1 at 2018-06-21 12:26:15 +0200
Processing by TrisController#tris as HTML
  Rendering tris/tris.html within layouts/application
  Rendered tris/tris.html within layouts/application (0.6ms)
Completed 200 OK in 52ms (Views: 51.6ms)


Started GET "/" for 127.0.0.1 at 2018-06-21 12:26:51 +0200
Processing by TrisController#tris as HTML
  Rendering tris/tris.html within layouts/application
  Rendered tris/tris.html within layouts/application (0.5ms)
Completed 200 OK in 53ms (Views: 52.3ms)


Started GET "/" for 127.0.0.1 at 2018-06-21 12:28:12 +0200
Processing by TrisController#tris as HTML
  Rendering tris/tris.html within layouts/application
  Rendered tris/tris.html within layouts/application (0.5ms)
Completed 200 OK in 43ms (Views: 42.1ms)


Started GET "/" for 127.0.0.1 at 2018-06-21 12:28:25 +0200
Processing by TrisController#tris as HTML
  Rendering tris/tris.html within layouts/application
  Rendered tris/tris.html within layouts/application (0.4ms)
Completed 200 OK in 20ms (Views: 19.5ms)


Started GET "/" for 127.0.0.1 at 2018-06-21 12:28:35 +0200
Processing by TrisController#tris as HTML
  Rendering tris/tris.html within layouts/application
  Rendered tris/tris.html within layouts/application (0.4ms)
Completed 200 OK in 19ms (Views: 18.6ms)


Started GET "/" for 127.0.0.1 at 2018-06-21 12:33:46 +0200
Processing by TrisController#tris as HTML
  Rendering tris/tris.html within layouts/application
  Rendered tris/tris.html within layouts/application (2.7ms)
Completed 200 OK in 105ms (Views: 97.5ms)


Started GET "/" for 127.0.0.1 at 2018-06-21 12:34:21 +0200
Processing by TrisController#tris as HTML
  Rendering tris/tris.html within layouts/application
  Rendered tris/tris.html within layouts/application (0.4ms)
Completed 200 OK in 77ms (Views: 75.8ms)


Started GET "/" for 127.0.0.1 at 2018-06-21 12:34:47 +0200
Processing by TrisController#tris as HTML
  Rendering tris/tris.html within layouts/application
  Rendered tris/tris.html within layouts/application (1.3ms)
Completed 200 OK in 102ms (Views: 100.8ms)


Started GET "/" for 127.0.0.1 at 2018-06-21 14:55:38 +0200
Processing by TrisController#tris as HTML
  Rendering tris/tris.html within layouts/application
  Rendered tris/tris.html within layouts/application (1.8ms)
Completed 200 OK in 669ms (Views: 306.7ms)


Started GET "/" for 127.0.0.1 at 2018-06-21 14:56:23 +0200
Processing by TrisController#tris as HTML
  Rendering tris/tris.html within layouts/application
  Rendered tris/tris.html within layouts/application (0.8ms)
Completed 200 OK in 35ms (Views: 33.0ms)


Started GET "/" for 127.0.0.1 at 2018-06-21 14:59:20 +0200
Processing by TrisController#tris as HTML
  Rendering tris/tris.html within layouts/application
  Rendered tris/tris.html within layouts/application (0.6ms)
Completed 200 OK in 788ms (Views: 787.8ms)


Started GET "/" for 127.0.0.1 at 2018-06-21 15:01:10 +0200
Processing by TrisController#tris as HTML
  Rendering tris/tris.html within layouts/application
  Rendered tris/tris.html within layouts/application (0.5ms)
Completed 200 OK in 56ms (Views: 54.9ms)


Started GET "/" for 127.0.0.1 at 2018-06-21 15:01:20 +0200
Processing by TrisController#tris as HTML
  Rendering tris/tris.html within layouts/application
  Rendered tris/tris.html within layouts/application (0.5ms)
Completed 200 OK in 21ms (Views: 20.6ms)


Started GET "/" for 127.0.0.1 at 2018-06-21 15:07:57 +0200
Processing by TrisController#tris as HTML
  Rendering tris/tris.html within layouts/application
  Rendered tris/tris.html within layouts/application (1.6ms)
Completed 200 OK in 94ms (Views: 88.2ms)


Started GET "/" for 127.0.0.1 at 2018-06-21 15:12:13 +0200
Processing by TrisController#tris as HTML
  Rendering tris/tris.html within layouts/application
  Rendered tris/tris.html within layouts/application (0.8ms)
Completed 200 OK in 58ms (Views: 56.6ms)


Started GET "/" for 127.0.0.1 at 2018-06-21 15:16:27 +0200
Processing by TrisController#tris as HTML
  Rendering tris/tris.html within layouts/application
  Rendered tris/tris.html within layouts/application (1.1ms)
Completed 200 OK in 170ms (Views: 169.1ms)


Started GET "/" for 127.0.0.1 at 2018-06-21 15:17:20 +0200
Processing by TrisController#tris as HTML
  Rendering tris/tris.html within layouts/application
  Rendered tris/tris.html within layouts/application (0.6ms)
Completed 200 OK in 72ms (Views: 70.6ms)


Started GET "/" for 127.0.0.1 at 2018-06-21 15:18:37 +0200
Processing by TrisController#tris as HTML
  Rendering tris/tris.html within layouts/application
  Rendered tris/tris.html within layouts/application (1.2ms)
Completed 200 OK in 69ms (Views: 68.3ms)


Started GET "/" for 127.0.0.1 at 2018-06-21 15:20:19 +0200
Processing by TrisController#tris as HTML
  Rendering tris/tris.html within layouts/application
  Rendered tris/tris.html within layouts/application (0.8ms)
Completed 200 OK in 87ms (Views: 85.9ms)


Started GET "/" for 127.0.0.1 at 2018-06-21 17:00:26 +0200
Processing by TrisController#tris as HTML
  Rendering tris/tris.html within layouts/application
  Rendered tris/tris.html within layouts/application (9.2ms)
Completed 200 OK in 377ms (Views: 349.8ms)


Started GET "/" for 127.0.0.1 at 2018-06-21 17:00:56 +0200
Processing by TrisController#tris as HTML
  Rendering tris/tris.html within layouts/application
  Rendered tris/tris.html within layouts/application (0.9ms)
Completed 200 OK in 31ms (Views: 29.4ms)


Started GET "/" for 127.0.0.1 at 2018-06-21 17:01:32 +0200
Processing by TrisController#tris as HTML
  Rendering tris/tris.html within layouts/application
  Rendered tris/tris.html within layouts/application (0.5ms)
Completed 200 OK in 29ms (Views: 28.5ms)


Started GET "/" for 127.0.0.1 at 2018-06-21 17:02:58 +0200
Processing by TrisController#tris as HTML
  Rendering tris/tris.html within layouts/application
  Rendered tris/tris.html within layouts/application (1.5ms)
Completed 200 OK in 37ms (Views: 36.4ms)


Started GET "/" for 127.0.0.1 at 2018-06-21 17:03:11 +0200
Processing by TrisController#tris as HTML
  Rendering tris/tris.html within layouts/application
  Rendered tris/tris.html within layouts/application (0.5ms)
Completed 200 OK in 41ms (Views: 39.8ms)


Started GET "/" for 127.0.0.1 at 2018-06-21 17:04:04 +0200
Processing by TrisController#tris as HTML
  Rendering tris/tris.html within layouts/application
  Rendered tris/tris.html within layouts/application (0.5ms)
Completed 200 OK in 58ms (Views: 57.1ms)


Started GET "/" for 127.0.0.1 at 2018-06-21 17:04:29 +0200
Processing by TrisController#tris as HTML
  Rendering tris/tris.html within layouts/application
  Rendered tris/tris.html within layouts/application (0.6ms)
Completed 200 OK in 23ms (Views: 22.3ms)


Started GET "/" for 127.0.0.1 at 2018-06-21 17:05:31 +0200
Processing by TrisController#tris as HTML
  Rendering tris/tris.html within layouts/application
  Rendered tris/tris.html within layouts/application (0.4ms)
Completed 200 OK in 25ms (Views: 24.3ms)


Started GET "/" for 127.0.0.1 at 2018-06-21 17:05:43 +0200
Processing by TrisController#tris as HTML
  Rendering tris/tris.html within layouts/application
  Rendered tris/tris.html within layouts/application (0.6ms)
Completed 200 OK in 20ms (Views: 19.6ms)


Started GET "/" for 127.0.0.1 at 2018-06-21 17:06:15 +0200
Processing by TrisController#tris as HTML
  Rendering tris/tris.html within layouts/application
  Rendered tris/tris.html within layouts/application (0.5ms)
Completed 200 OK in 22ms (Views: 21.4ms)


Started GET "/" for 127.0.0.1 at 2018-06-21 17:10:36 +0200
Processing by TrisController#tris as HTML
  Rendering tris/tris.html within layouts/application
  Rendered tris/tris.html within layouts/application (0.4ms)
Completed 200 OK in 35ms (Views: 33.7ms)


Started GET "/" for 127.0.0.1 at 2018-06-21 17:10:51 +0200
Processing by TrisController#tris as HTML
  Rendering tris/tris.html within layouts/application
  Rendered tris/tris.html within layouts/application (0.5ms)
Completed 200 OK in 24ms (Views: 23.0ms)


Started GET "/" for 127.0.0.1 at 2018-06-21 17:10:55 +0200
Processing by TrisController#tris as HTML
  Rendering tris/tris.html within layouts/application
  Rendered tris/tris.html within layouts/application (0.7ms)
Completed 200 OK in 20ms (Views: 19.8ms)


Started GET "/" for 127.0.0.1 at 2018-06-21 17:10:58 +0200
Processing by TrisController#tris as HTML
  Rendering tris/tris.html within layouts/application
  Rendered tris/tris.html within layouts/application (0.5ms)
Completed 200 OK in 26ms (Views: 24.8ms)


Started GET "/" for 127.0.0.1 at 2018-06-21 17:11:00 +0200
Processing by TrisController#tris as HTML
  Rendering tris/tris.html within layouts/application
  Rendered tris/tris.html within layouts/application (0.4ms)
Completed 200 OK in 38ms (Views: 37.4ms)


Started GET "/" for 127.0.0.1 at 2018-06-21 17:11:06 +0200
Processing by TrisController#tris as HTML
  Rendering tris/tris.html within layouts/application
  Rendered tris/tris.html within layouts/application (0.6ms)
Completed 200 OK in 23ms (Views: 22.5ms)


Started GET "/" for 127.0.0.1 at 2018-06-21 17:11:09 +0200
Processing by TrisController#tris as HTML
  Rendering tris/tris.html within layouts/application
  Rendered tris/tris.html within layouts/application (0.6ms)
Completed 200 OK in 21ms (Views: 20.8ms)


Started GET "/" for 127.0.0.1 at 2018-06-21 17:11:14 +0200
Processing by TrisController#tris as HTML
  Rendering tris/tris.html within layouts/application
  Rendered tris/tris.html within layouts/application (0.6ms)
Completed 200 OK in 23ms (Views: 22.5ms)


Started GET "/" for 127.0.0.1 at 2018-06-21 17:11:16 +0200
Processing by TrisController#tris as HTML
  Rendering tris/tris.html within layouts/application
  Rendered tris/tris.html within layouts/application (0.4ms)
Completed 200 OK in 24ms (Views: 23.1ms)


Started GET "/" for 127.0.0.1 at 2018-06-21 17:11:19 +0200
Processing by TrisController#tris as HTML
  Rendering tris/tris.html within layouts/application
  Rendered tris/tris.html within layouts/application (0.5ms)
Completed 200 OK in 22ms (Views: 21.4ms)


Started GET "/" for 127.0.0.1 at 2018-06-21 17:11:21 +0200
Processing by TrisController#tris as HTML
  Rendering tris/tris.html within layouts/application
  Rendered tris/tris.html within layouts/application (0.8ms)
Completed 200 OK in 26ms (Views: 25.7ms)


Started GET "/" for 127.0.0.1 at 2018-06-21 17:11:23 +0200
Processing by TrisController#tris as HTML
  Rendering tris/tris.html within layouts/application
  Rendered tris/tris.html within layouts/application (0.6ms)
Completed 200 OK in 28ms (Views: 26.8ms)


Started GET "/" for 127.0.0.1 at 2018-06-21 17:11:25 +0200
Processing by TrisController#tris as HTML
  Rendering tris/tris.html within layouts/application
  Rendered tris/tris.html within layouts/application (0.5ms)
Completed 200 OK in 24ms (Views: 23.3ms)


Started GET "/" for 127.0.0.1 at 2018-06-21 17:11:28 +0200
Processing by TrisController#tris as HTML
  Rendering tris/tris.html within layouts/application
  Rendered tris/tris.html within layouts/application (0.5ms)
Completed 200 OK in 21ms (Views: 19.6ms)


Started GET "/" for 127.0.0.1 at 2018-06-21 17:11:30 +0200
Processing by TrisController#tris as HTML
  Rendering tris/tris.html within layouts/application
  Rendered tris/tris.html within layouts/application (0.4ms)
Completed 200 OK in 19ms (Views: 18.8ms)


Started GET "/" for 127.0.0.1 at 2018-06-21 17:12:22 +0200
Processing by TrisController#tris as HTML
  Rendering tris/tris.html within layouts/application
  Rendered tris/tris.html within layouts/application (0.4ms)
Completed 200 OK in 24ms (Views: 23.6ms)


Started GET "/" for 127.0.0.1 at 2018-06-21 17:13:13 +0200
Processing by TrisController#tris as HTML
  Rendering tris/tris.html within layouts/application
  Rendered tris/tris.html within layouts/application (0.5ms)
Completed 200 OK in 24ms (Views: 22.7ms)


Started GET "/" for 127.0.0.1 at 2018-06-21 17:14:29 +0200
Processing by TrisController#tris as HTML
  Rendering tris/tris.html within layouts/application
  Rendered tris/tris.html within layouts/application (0.5ms)
Completed 200 OK in 30ms (Views: 29.0ms)


Started GET "/" for 127.0.0.1 at 2018-06-21 17:14:54 +0200
Processing by TrisController#tris as HTML
  Rendering tris/tris.html within layouts/application
  Rendered tris/tris.html within layouts/application (0.6ms)
Completed 200 OK in 21ms (Views: 20.2ms)


Started GET "/" for 127.0.0.1 at 2018-06-21 17:15:09 +0200
Processing by TrisController#tris as HTML
  Rendering tris/tris.html within layouts/application
  Rendered tris/tris.html within layouts/application (0.4ms)
Completed 200 OK in 19ms (Views: 18.7ms)


Started GET "/" for 127.0.0.1 at 2018-06-21 17:15:13 +0200
Processing by TrisController#tris as HTML
  Rendering tris/tris.html within layouts/application
  Rendered tris/tris.html within layouts/application (0.4ms)
Completed 200 OK in 21ms (Views: 19.9ms)


Started GET "/" for 127.0.0.1 at 2018-06-21 17:15:16 +0200
Processing by TrisController#tris as HTML
  Rendering tris/tris.html within layouts/application
  Rendered tris/tris.html within layouts/application (0.5ms)
Completed 200 OK in 20ms (Views: 19.2ms)


Started GET "/" for 127.0.0.1 at 2018-06-21 17:15:20 +0200
Processing by TrisController#tris as HTML
  Rendering tris/tris.html within layouts/application
  Rendered tris/tris.html within layouts/application (0.7ms)
Completed 200 OK in 20ms (Views: 19.6ms)


Started GET "/" for 127.0.0.1 at 2018-06-21 17:15:22 +0200
Processing by TrisController#tris as HTML
  Rendering tris/tris.html within layouts/application
  Rendered tris/tris.html within layouts/application (0.6ms)
Completed 200 OK in 21ms (Views: 19.8ms)


Started GET "/" for 127.0.0.1 at 2018-06-21 17:15:25 +0200
Processing by TrisController#tris as HTML
  Rendering tris/tris.html within layouts/application
  Rendered tris/tris.html within layouts/application (0.4ms)
Completed 200 OK in 22ms (Views: 20.6ms)


Started GET "/" for 127.0.0.1 at 2018-06-21 17:15:29 +0200
Processing by TrisController#tris as HTML
  Rendering tris/tris.html within layouts/application
  Rendered tris/tris.html within layouts/application (0.5ms)
Completed 200 OK in 21ms (Views: 20.3ms)


Started GET "/" for 127.0.0.1 at 2018-06-21 17:17:14 +0200
Processing by TrisController#tris as HTML
  Rendering tris/tris.html within layouts/application
  Rendered tris/tris.html within layouts/application (0.6ms)
Completed 200 OK in 37ms (Views: 36.0ms)


Started GET "/" for 127.0.0.1 at 2018-06-21 17:18:29 +0200
Processing by TrisController#tris as HTML
  Rendering tris/tris.html within layouts/application
  Rendered tris/tris.html within layouts/application (0.9ms)
Completed 200 OK in 39ms (Views: 33.9ms)


Started GET "/" for 127.0.0.1 at 2018-06-21 17:19:08 +0200
Processing by TrisController#tris as HTML
  Rendering tris/tris.html within layouts/application
  Rendered tris/tris.html within layouts/application (0.5ms)
Completed 200 OK in 30ms (Views: 28.8ms)


Started GET "/" for 127.0.0.1 at 2018-06-21 17:24:59 +0200
Processing by TrisController#tris as HTML
  Rendering tris/tris.html within layouts/application
  Rendered tris/tris.html within layouts/application (0.7ms)
Completed 200 OK in 41ms (Views: 40.0ms)


Started GET "/" for 127.0.0.1 at 2018-06-21 17:25:22 +0200
Processing by TrisController#tris as HTML
  Rendering tris/tris.html within layouts/application
  Rendered tris/tris.html within layouts/application (0.6ms)
Completed 200 OK in 27ms (Views: 26.7ms)


Started GET "/" for 127.0.0.1 at 2018-06-21 17:25:34 +0200
Processing by TrisController#tris as HTML
  Rendering tris/tris.html within layouts/application
  Rendered tris/tris.html within layouts/application (0.4ms)
Completed 200 OK in 24ms (Views: 23.4ms)


Started GET "/" for 127.0.0.1 at 2018-06-21 17:25:55 +0200
Processing by TrisController#tris as HTML
  Rendering tris/tris.html within layouts/application
  Rendered tris/tris.html within layouts/application (0.4ms)
Completed 200 OK in 25ms (Views: 24.3ms)


Started GET "/" for 127.0.0.1 at 2018-06-21 17:26:04 +0200
Processing by TrisController#tris as HTML
  Rendering tris/tris.html within layouts/application
  Rendered tris/tris.html within layouts/application (0.5ms)
Completed 200 OK in 26ms (Views: 24.8ms)


Started GET "/" for 127.0.0.1 at 2018-06-21 17:26:14 +0200
Processing by TrisController#tris as HTML
  Rendering tris/tris.html within layouts/application
  Rendered tris/tris.html within layouts/application (0.5ms)
Completed 200 OK in 24ms (Views: 23.1ms)


Started GET "/" for 127.0.0.1 at 2018-06-21 17:27:14 +0200
Processing by TrisController#tris as HTML
  Rendering tris/tris.html within layouts/application
  Rendered tris/tris.html within layouts/application (0.7ms)
Completed 200 OK in 25ms (Views: 24.1ms)


Started GET "/" for 127.0.0.1 at 2018-06-21 17:32:10 +0200
Processing by TrisController#tris as HTML
  Rendering tris/tris.html within layouts/application
  Rendered tris/tris.html within layouts/application (0.6ms)
Completed 200 OK in 37ms (Views: 36.7ms)


Started GET "/" for 127.0.0.1 at 2018-06-21 17:32:15 +0200
Processing by TrisController#tris as HTML
  Rendering tris/tris.html within layouts/application
  Rendered tris/tris.html within layouts/application (0.7ms)
Completed 200 OK in 29ms (Views: 28.7ms)


Started GET "/" for 127.0.0.1 at 2018-06-21 19:53:23 +0200
Processing by TrisController#tris as HTML
  Rendering tris/tris.html within layouts/application
  Rendered tris/tris.html within layouts/application (2.0ms)
Completed 200 OK in 689ms (Views: 407.9ms)


Started GET "/" for 127.0.0.1 at 2018-06-21 19:55:05 +0200
Processing by TrisController#tris as HTML
  Rendering tris/tris.html within layouts/application
  Rendered tris/tris.html within layouts/application (0.7ms)
Completed 200 OK in 33ms (Views: 31.9ms)


Started GET "/" for 127.0.0.1 at 2018-06-21 19:55:42 +0200
Processing by TrisController#tris as HTML
  Rendering tris/tris.html within layouts/application
  Rendered tris/tris.html within layouts/application (1.2ms)
Completed 200 OK in 41ms (Views: 38.8ms)


Started GET "/" for 127.0.0.1 at 2018-06-21 19:56:20 +0200
Processing by TrisController#tris as HTML
  Rendering tris/tris.html within layouts/application
  Rendered tris/tris.html within layouts/application (0.7ms)
Completed 200 OK in 34ms (Views: 32.8ms)


Started GET "/" for 127.0.0.1 at 2018-06-21 19:57:56 +0200
Processing by TrisController#tris as HTML
  Rendering tris/tris.html within layouts/application
  Rendered tris/tris.html within layouts/application (0.7ms)
Completed 200 OK in 42ms (Views: 41.6ms)


Started GET "/" for 127.0.0.1 at 2018-06-21 20:01:00 +0200
Processing by TrisController#tris as HTML
  Rendering tris/tris.html within layouts/application
  Rendered tris/tris.html within layouts/application (2.1ms)
Completed 200 OK in 45ms (Views: 42.6ms)


Started GET "/" for 127.0.0.1 at 2018-06-21 20:02:01 +0200
Processing by TrisController#tris as HTML
  Rendering tris/tris.html within layouts/application
  Rendered tris/tris.html within layouts/application (0.6ms)
Completed 200 OK in 36ms (Views: 35.1ms)


Started GET "/" for 127.0.0.1 at 2018-06-21 20:02:14 +0200
Processing by TrisController#tris as HTML
  Rendering tris/tris.html within layouts/application
  Rendered tris/tris.html within layouts/application (0.8ms)
Completed 200 OK in 33ms (Views: 32.0ms)


Started GET "/" for 127.0.0.1 at 2018-06-21 20:14:11 +0200
Processing by TrisController#tris as HTML
  Rendering tris/tris.html within layouts/application
  Rendered tris/tris.html within layouts/application (3.4ms)
Completed 200 OK in 70ms (Views: 63.2ms)


Started GET "/" for 127.0.0.1 at 2018-06-21 20:15:01 +0200
Processing by TrisController#tris as HTML
  Rendering tris/tris.html within layouts/application
  Rendered tris/tris.html within layouts/application (0.6ms)
Completed 200 OK in 40ms (Views: 39.3ms)


Started GET "/" for 127.0.0.1 at 2018-06-21 20:15:41 +0200
Processing by TrisController#tris as HTML
  Rendering tris/tris.html within layouts/application
  Rendered tris/tris.html within layouts/application (0.4ms)
Completed 200 OK in 37ms (Views: 35.6ms)


Started GET "/" for 127.0.0.1 at 2018-06-21 20:15:49 +0200
Processing by TrisController#tris as HTML
  Rendering tris/tris.html within layouts/application
  Rendered tris/tris.html within layouts/application (1.2ms)
Completed 200 OK in 25ms (Views: 24.2ms)


Started GET "/" for 127.0.0.1 at 2018-06-21 20:18:32 +0200
Processing by TrisController#tris as HTML
  Rendering tris/tris.html within layouts/application
  Rendered tris/tris.html within layouts/application (0.6ms)
Completed 200 OK in 32ms (Views: 31.3ms)


Started GET "/" for 127.0.0.1 at 2018-06-21 20:20:57 +0200
Processing by TrisController#tris as HTML
  Rendering tris/tris.html within layouts/application
  Rendered tris/tris.html within layouts/application (2.8ms)
Completed 200 OK in 71ms (Views: 63.0ms)


Started GET "/" for 127.0.0.1 at 2018-06-21 20:23:36 +0200
Processing by TrisController#tris as HTML
  Rendering tris/tris.html within layouts/application
  Rendered tris/tris.html within layouts/application (0.6ms)
Completed 200 OK in 40ms (Views: 39.3ms)


Started GET "/" for 127.0.0.1 at 2018-06-21 20:24:34 +0200
Processing by TrisController#tris as HTML
  Rendering tris/tris.html within layouts/application
  Rendered tris/tris.html within layouts/application (5.0ms)
Completed 200 OK in 71ms (Views: 62.6ms)


Started GET "/" for 127.0.0.1 at 2018-06-21 20:24:35 +0200
Processing by TrisController#tris as HTML
  Rendering tris/tris.html within layouts/application
  Rendered tris/tris.html within layouts/application (0.9ms)
Completed 200 OK in 32ms (Views: 30.4ms)


Started GET "/" for 127.0.0.1 at 2018-06-21 20:24:41 +0200
Processing by TrisController#tris as HTML
  Rendering tris/tris.html within layouts/application
  Rendered tris/tris.html within layouts/application (0.5ms)
Completed 200 OK in 25ms (Views: 24.3ms)


Started GET "/" for 127.0.0.1 at 2018-06-21 20:24:45 +0200
Processing by TrisController#tris as HTML
  Rendering tris/tris.html within layouts/application
  Rendered tris/tris.html within layouts/application (0.5ms)
Completed 200 OK in 48ms (Views: 47.1ms)


Started GET "/" for 127.0.0.1 at 2018-06-21 20:24:49 +0200
Processing by TrisController#tris as HTML
  Rendering tris/tris.html within layouts/application
  Rendered tris/tris.html within layouts/application (0.5ms)
Completed 200 OK in 20ms (Views: 19.6ms)


Started GET "/" for 127.0.0.1 at 2018-06-21 20:24:53 +0200
Processing by TrisController#tris as HTML
  Rendering tris/tris.html within layouts/application
  Rendered tris/tris.html within layouts/application (0.6ms)
Completed 200 OK in 21ms (Views: 20.5ms)


Started GET "/" for 127.0.0.1 at 2018-06-21 20:24:57 +0200
Processing by TrisController#tris as HTML
  Rendering tris/tris.html within layouts/application
  Rendered tris/tris.html within layouts/application (0.5ms)
Completed 200 OK in 26ms (Views: 25.1ms)


Started GET "/" for 127.0.0.1 at 2018-06-21 20:25:01 +0200
Processing by TrisController#tris as HTML
  Rendering tris/tris.html within layouts/application
  Rendered tris/tris.html within layouts/application (0.7ms)
Completed 200 OK in 27ms (Views: 26.4ms)


Started GET "/" for 127.0.0.1 at 2018-06-21 20:25:34 +0200
Processing by TrisController#tris as HTML
  Rendering tris/tris.html within layouts/application
  Rendered tris/tris.html within layouts/application (0.5ms)
Completed 200 OK in 27ms (Views: 25.6ms)


Started GET "/" for 127.0.0.1 at 2018-06-21 20:27:06 +0200
Processing by TrisController#tris as HTML
  Rendering tris/tris.html within layouts/application
  Rendered tris/tris.html within layouts/application (0.6ms)
Completed 200 OK in 36ms (Views: 35.5ms)


Started GET "/" for 127.0.0.1 at 2018-06-21 20:28:46 +0200
Processing by TrisController#tris as HTML
  Rendering tris/tris.html within layouts/application
  Rendered tris/tris.html within layouts/application (0.5ms)
Completed 200 OK in 32ms (Views: 30.6ms)


Started GET "/" for 127.0.0.1 at 2018-06-21 20:29:21 +0200
Processing by TrisController#tris as HTML
  Rendering tris/tris.html within layouts/application
  Rendered tris/tris.html within layouts/application (5.1ms)
Completed 200 OK in 172ms (Views: 163.0ms)


Started GET "/" for 127.0.0.1 at 2018-06-21 20:32:59 +0200
Processing by TrisController#tris as HTML
  Rendering tris/tris.html within layouts/application
  Rendered tris/tris.html within layouts/application (0.9ms)
Completed 200 OK in 54ms (Views: 51.7ms)


Started GET "/" for 127.0.0.1 at 2018-06-21 20:33:10 +0200
Processing by TrisController#tris as HTML
  Rendering tris/tris.html within layouts/application
  Rendered tris/tris.html within layouts/application (0.7ms)
Completed 200 OK in 46ms (Views: 44.2ms)


Started GET "/" for 127.0.0.1 at 2018-06-21 20:35:01 +0200
Processing by TrisController#tris as HTML
  Rendering tris/tris.html within layouts/application
  Rendered tris/tris.html within layouts/application (1.3ms)
Completed 200 OK in 38ms (Views: 37.6ms)


Started GET "/" for 127.0.0.1 at 2018-06-21 20:36:12 +0200
Processing by TrisController#tris as HTML
  Rendering tris/tris.html within layouts/application
  Rendered tris/tris.html within layouts/application (4.2ms)
Completed 200 OK in 108ms (Views: 89.8ms)


Started GET "/" for 127.0.0.1 at 2018-06-21 20:36:21 +0200
Started GET "/" for 127.0.0.1 at 2018-06-21 20:36:21 +0200
Processing by TrisController#tris as HTML
Processing by TrisController#tris as HTML
  Rendering tris/tris.html within layouts/application
  Rendered tris/tris.html within layouts/application (12.3ms)
  Rendering tris/tris.html within layouts/application
  Rendered tris/tris.html within layouts/application (0.1ms)
Completed 200 OK in 187ms (Views: 177.2ms)


Completed 200 OK in 200ms (Views: 199.1ms)


Started GET "/" for 127.0.0.1 at 2018-06-21 20:36:54 +0200
Processing by TrisController#tris as HTML
  Rendering tris/tris.html within layouts/application
  Rendered tris/tris.html within layouts/application (1.6ms)
Completed 200 OK in 62ms (Views: 60.9ms)


Started GET "/" for 127.0.0.1 at 2018-06-21 20:37:19 +0200
Processing by TrisController#tris as HTML
  Rendering tris/tris.html within layouts/application
  Rendered tris/tris.html within layouts/application (2.9ms)
Completed 200 OK in 64ms (Views: 62.6ms)


Started GET "/" for 127.0.0.1 at 2018-06-21 20:37:29 +0200
Processing by TrisController#tris as HTML
  Rendering tris/tris.html within layouts/application
  Rendered tris/tris.html within layouts/application (1.8ms)
Completed 200 OK in 34ms (Views: 32.3ms)


Started GET "/" for 127.0.0.1 at 2018-06-21 20:41:32 +0200
Processing by TrisController#tris as HTML
  Rendering tris/tris.html within layouts/application
  Rendered tris/tris.html within layouts/application (1.1ms)
Completed 200 OK in 46ms (Views: 45.2ms)


Started GET "/" for 127.0.0.1 at 2018-06-21 20:45:05 +0200
Processing by TrisController#tris as HTML
  Rendering tris/tris.html within layouts/application
  Rendered tris/tris.html within layouts/application (0.8ms)
Completed 200 OK in 107ms (Views: 105.7ms)


Started GET "/" for 127.0.0.1 at 2018-06-21 21:35:06 +0200
Processing by TrisController#tris as HTML
  Rendering tris/tris.html within layouts/application
  Rendered tris/tris.html within layouts/application (2.4ms)
Completed 200 OK in 563ms (Views: 259.1ms)


Started GET "/" for 127.0.0.1 at 2018-06-21 21:37:32 +0200
Processing by TrisController#tris as HTML
  Rendering tris/tris.html within layouts/application
  Rendered tris/tris.html within layouts/application (0.5ms)
Completed 200 OK in 30ms (Views: 28.6ms)


Started GET "/" for 127.0.0.1 at 2018-06-21 21:37:50 +0200
Processing by TrisController#tris as HTML
  Rendering tris/tris.html within layouts/application
  Rendered tris/tris.html within layouts/application (0.4ms)
Completed 200 OK in 27ms (Views: 26.7ms)


Started GET "/" for 127.0.0.1 at 2018-06-21 21:38:44 +0200
Processing by TrisController#tris as HTML
  Rendering tris/tris.html within layouts/application
  Rendered tris/tris.html within layouts/application (0.6ms)
Completed 200 OK in 31ms (Views: 30.4ms)


Started GET "/" for 127.0.0.1 at 2018-06-21 21:44:20 +0200
Processing by TrisController#tris as HTML
  Rendering tris/tris.html within layouts/application
  Rendered tris/tris.html within layouts/application (0.7ms)
Completed 200 OK in 33ms (Views: 32.3ms)


Started GET "/" for 127.0.0.1 at 2018-06-21 21:45:39 +0200
Processing by TrisController#tris as HTML
  Rendering tris/tris.html within layouts/application
  Rendered tris/tris.html within layouts/application (0.5ms)
Completed 200 OK in 28ms (Views: 27.5ms)


Started GET "/" for 127.0.0.1 at 2018-06-21 21:48:38 +0200
Processing by TrisController#tris as HTML
  Rendering tris/tris.html within layouts/application
  Rendered tris/tris.html within layouts/application (1.0ms)
Completed 200 OK in 36ms (Views: 33.4ms)


Started GET "/" for 127.0.0.1 at 2018-06-21 21:48:43 +0200
Processing by TrisController#tris as HTML
  Rendering tris/tris.html within layouts/application
  Rendered tris/tris.html within layouts/application (0.7ms)
Completed 200 OK in 24ms (Views: 23.0ms)


Started GET "/" for 127.0.0.1 at 2018-06-21 21:50:33 +0200
Processing by TrisController#tris as HTML
  Rendering tris/tris.html within layouts/application
  Rendered tris/tris.html within layouts/application (0.7ms)
Completed 200 OK in 32ms (Views: 30.7ms)


Started GET "/" for 127.0.0.1 at 2018-06-21 21:53:25 +0200
Processing by TrisController#tris as HTML
  Rendering tris/tris.html within layouts/application
  Rendered tris/tris.html within layouts/application (0.7ms)
Completed 200 OK in 34ms (Views: 33.0ms)


Started GET "/" for 127.0.0.1 at 2018-06-21 21:54:21 +0200
Processing by TrisController#tris as HTML
  Rendering tris/tris.html within layouts/application
  Rendered tris/tris.html within layouts/application (0.6ms)
Completed 200 OK in 30ms (Views: 29.4ms)


Started GET "/" for 127.0.0.1 at 2018-06-21 21:54:49 +0200
Processing by TrisController#tris as HTML
  Rendering tris/tris.html within layouts/application
  Rendered tris/tris.html within layouts/application (0.8ms)
Completed 200 OK in 33ms (Views: 32.4ms)


Started GET "/" for 127.0.0.1 at 2018-06-21 21:54:54 +0200
Processing by TrisController#tris as HTML
  Rendering tris/tris.html within layouts/application
  Rendered tris/tris.html within layouts/application (0.5ms)
Completed 200 OK in 26ms (Views: 24.6ms)


Started GET "/" for 127.0.0.1 at 2018-06-21 21:56:23 +0200
Processing by TrisController#tris as HTML
  Rendering tris/tris.html within layouts/application
  Rendered tris/tris.html within layouts/application (0.5ms)
Completed 200 OK in 31ms (Views: 29.1ms)


Started GET "/" for 127.0.0.1 at 2018-06-21 21:56:30 +0200
Processing by TrisController#tris as HTML
  Rendering tris/tris.html within layouts/application
  Rendered tris/tris.html within layouts/application (0.7ms)
Completed 200 OK in 99ms (Views: 97.6ms)


Started GET "/" for 127.0.0.1 at 2018-06-21 21:57:36 +0200
Processing by TrisController#tris as HTML
  Rendering tris/tris.html within layouts/application
  Rendered tris/tris.html within layouts/application (0.8ms)
Completed 200 OK in 26ms (Views: 25.6ms)


Started GET "/" for 127.0.0.1 at 2018-06-21 21:58:41 +0200
Processing by TrisController#tris as HTML
  Rendering tris/tris.html within layouts/application
  Rendered tris/tris.html within layouts/application (0.7ms)
Completed 200 OK in 22ms (Views: 21.7ms)


Started GET "/" for 127.0.0.1 at 2018-06-21 22:01:59 +0200
Processing by TrisController#tris as HTML
  Rendering tris/tris.html within layouts/application
  Rendered tris/tris.html within layouts/application (0.8ms)
Completed 200 OK in 20ms (Views: 19.2ms)


Started GET "/" for 127.0.0.1 at 2018-06-21 22:02:08 +0200
Processing by TrisController#tris as HTML
  Rendering tris/tris.html within layouts/application
  Rendered tris/tris.html within layouts/application (1.1ms)
Completed 200 OK in 25ms (Views: 24.6ms)


Started GET "/" for 127.0.0.1 at 2018-06-21 22:02:23 +0200
Processing by TrisController#tris as HTML
  Rendering tris/tris.html within layouts/application
  Rendered tris/tris.html within layouts/application (0.6ms)
Completed 200 OK in 23ms (Views: 22.2ms)


Started GET "/" for 127.0.0.1 at 2018-06-21 22:02:40 +0200
Processing by TrisController#tris as HTML
  Rendering tris/tris.html within layouts/application
  Rendered tris/tris.html within layouts/application (0.5ms)
Completed 200 OK in 25ms (Views: 23.7ms)


Started GET "/" for 127.0.0.1 at 2018-06-21 22:03:26 +0200
Processing by TrisController#tris as HTML
  Rendering tris/tris.html within layouts/application
  Rendered tris/tris.html within layouts/application (0.5ms)
Completed 200 OK in 28ms (Views: 26.8ms)


Started GET "/" for 127.0.0.1 at 2018-06-21 22:05:54 +0200
Processing by TrisController#tris as HTML
  Rendering tris/tris.html within layouts/application
  Rendered tris/tris.html within layouts/application (0.5ms)
Completed 200 OK in 37ms (Views: 35.6ms)


Started GET "/" for 127.0.0.1 at 2018-06-21 22:06:00 +0200
Processing by TrisController#tris as HTML
  Rendering tris/tris.html within layouts/application
  Rendered tris/tris.html within layouts/application (0.4ms)
Completed 200 OK in 30ms (Views: 28.5ms)


Started GET "/" for 127.0.0.1 at 2018-06-21 22:17:22 +0200
Processing by TrisController#tris as HTML
  Rendering tris/tris.html within layouts/application
  Rendered tris/tris.html within layouts/application (0.5ms)
Completed 200 OK in 78ms (Views: 77.2ms)


Started GET "/" for 127.0.0.1 at 2018-06-21 22:17:38 +0200
Processing by TrisController#tris as HTML
  Rendering tris/tris.html within layouts/application
  Rendered tris/tris.html within layouts/application (0.8ms)
Completed 200 OK in 24ms (Views: 23.1ms)


Started GET "/" for 127.0.0.1 at 2018-06-21 22:18:13 +0200
Processing by TrisController#tris as HTML
  Rendering tris/tris.html within layouts/application
  Rendered tris/tris.html within layouts/application (0.6ms)
Completed 200 OK in 23ms (Views: 22.7ms)


Started GET "/" for 127.0.0.1 at 2018-06-21 22:18:21 +0200
Processing by TrisController#tris as HTML
  Rendering tris/tris.html within layouts/application
  Rendered tris/tris.html within layouts/application (0.7ms)
Completed 200 OK in 22ms (Views: 21.5ms)


Started GET "/" for 127.0.0.1 at 2018-06-21 22:22:00 +0200
Processing by TrisController#tris as HTML
  Rendering tris/tris.html within layouts/application
  Rendered tris/tris.html within layouts/application (0.4ms)
Completed 200 OK in 701ms (Views: 699.9ms)


Started GET "/" for 127.0.0.1 at 2018-06-21 22:23:22 +0200
Processing by TrisController#tris as HTML
  Rendering tris/tris.html within layouts/application
  Rendered tris/tris.html within layouts/application (0.6ms)
Completed 200 OK in 32ms (Views: 30.9ms)


Started GET "/" for 127.0.0.1 at 2018-06-21 22:24:16 +0200
Processing by TrisController#tris as HTML
  Rendering tris/tris.html within layouts/application
  Rendered tris/tris.html within layouts/application (0.5ms)
Completed 200 OK in 28ms (Views: 27.6ms)


Started GET "/" for 127.0.0.1 at 2018-06-21 22:27:21 +0200
Processing by TrisController#tris as HTML
  Rendering tris/tris.html within layouts/application
  Rendered tris/tris.html within layouts/application (2.5ms)
Completed 200 OK in 72ms (Views: 60.1ms)


Started GET "/" for 127.0.0.1 at 2018-06-21 22:27:46 +0200
Processing by TrisController#tris as HTML
  Rendering tris/tris.html within layouts/application
  Rendered tris/tris.html within layouts/application (0.5ms)
Completed 200 OK in 32ms (Views: 30.8ms)


Started GET "/" for 127.0.0.1 at 2018-06-21 22:28:59 +0200
Processing by TrisController#tris as HTML
  Rendering tris/tris.html within layouts/application
  Rendered tris/tris.html within layouts/application (0.7ms)
Completed 200 OK in 41ms (Views: 39.9ms)


Started GET "/" for 127.0.0.1 at 2018-06-21 22:30:41 +0200
Processing by TrisController#tris as HTML
  Rendering tris/tris.html within layouts/application
  Rendered tris/tris.html within layouts/application (1.4ms)
Completed 200 OK in 39ms (Views: 37.9ms)


Started GET "/" for 127.0.0.1 at 2018-06-21 22:31:43 +0200
Processing by TrisController#tris as HTML
  Rendering tris/tris.html within layouts/application
  Rendered tris/tris.html within layouts/application (0.6ms)
Completed 200 OK in 43ms (Views: 42.4ms)


Started GET "/" for 127.0.0.1 at 2018-06-21 22:32:20 +0200
Processing by TrisController#tris as HTML
  Rendering tris/tris.html within layouts/application
  Rendered tris/tris.html within layouts/application (4.7ms)
Completed 200 OK in 69ms (Views: 61.6ms)


Started GET "/" for 127.0.0.1 at 2018-06-21 23:02:19 +0200
Processing by TrisController#tris as HTML
  Rendering tris/tris.html within layouts/application
  Rendered tris/tris.html within layouts/application (0.9ms)
Completed 200 OK in 39ms (Views: 37.7ms)


Started GET "/" for 127.0.0.1 at 2018-06-21 23:04:16 +0200
Processing by TrisController#tris as HTML
  Rendering tris/tris.html within layouts/application
  Rendered tris/tris.html within layouts/application (1.0ms)
Completed 200 OK in 38ms (Views: 37.1ms)


Started GET "/" for 127.0.0.1 at 2018-06-21 23:17:14 +0200
Processing by TrisController#tris as HTML
  Rendering tris/tris.html within layouts/application
  Rendered tris/tris.html within layouts/application (1.4ms)
Completed 200 OK in 111ms (Views: 109.9ms)


Started GET "/" for 127.0.0.1 at 2018-06-21 23:18:24 +0200
Processing by TrisController#tris as HTML
  Rendering tris/tris.html within layouts/application
  Rendered tris/tris.html within layouts/application (1.0ms)
Completed 200 OK in 75ms (Views: 73.1ms)


Started GET "/" for 127.0.0.1 at 2018-06-21 23:31:10 +0200
Processing by TrisController#tris as HTML
  Rendering tris/tris.html within layouts/application
  Rendered tris/tris.html within layouts/application (2.2ms)
Completed 200 OK in 103ms (Views: 97.7ms)


Started GET "/" for 127.0.0.1 at 2018-06-21 23:35:42 +0200
Processing by TrisController#tris as HTML
  Rendering tris/tris.html within layouts/application
  Rendered tris/tris.html within layouts/application (1.6ms)
Completed 200 OK in 44ms (Views: 42.8ms)


Started GET "/" for 127.0.0.1 at 2018-06-21 23:37:37 +0200
Processing by TrisController#tris as HTML
  Rendering tris/tris.html within layouts/application
  Rendered tris/tris.html within layouts/application (1.1ms)
Completed 200 OK in 37ms (Views: 36.7ms)


Started GET "/" for 127.0.0.1 at 2018-06-21 23:38:39 +0200
Processing by TrisController#tris as HTML
  Rendering tris/tris.html within layouts/application
  Rendered tris/tris.html within layouts/application (0.5ms)
Completed 200 OK in 31ms (Views: 30.1ms)


Started GET "/" for 127.0.0.1 at 2018-06-21 23:41:53 +0200
Processing by TrisController#tris as HTML
  Rendering tris/tris.html within layouts/application
  Rendered tris/tris.html within layouts/application (0.5ms)
Completed 200 OK in 39ms (Views: 38.3ms)


Started GET "/" for 127.0.0.1 at 2018-06-21 23:43:23 +0200
Processing by TrisController#tris as HTML
  Rendering tris/tris.html within layouts/application
  Rendered tris/tris.html within layouts/application (0.7ms)
Completed 200 OK in 58ms (Views: 56.5ms)


Started GET "/" for 127.0.0.1 at 2018-06-21 23:48:20 +0200
Processing by TrisController#tris as HTML
  Rendering tris/tris.html within layouts/application
  Rendered tris/tris.html within layouts/application (0.8ms)
Completed 200 OK in 74ms (Views: 72.7ms)


Started GET "/" for 127.0.0.1 at 2018-06-21 23:49:42 +0200
Processing by TrisController#tris as HTML
  Rendering tris/tris.html within layouts/application
  Rendered tris/tris.html within layouts/application (0.6ms)
Completed 200 OK in 59ms (Views: 57.8ms)


Started GET "/" for 127.0.0.1 at 2018-06-22 00:04:43 +0200
Processing by TrisController#tris as HTML
  Rendering tris/tris.html within layouts/application
  Rendered tris/tris.html within layouts/application (121.1ms)
Completed 200 OK in 4343ms (Views: 1308.8ms)


Started GET "/" for 127.0.0.1 at 2018-06-22 00:11:44 +0200
Processing by TrisController#tris as HTML
  Rendering tris/tris.html within layouts/application
  Rendered tris/tris.html within layouts/application (2.0ms)
Completed 200 OK in 1186ms (Views: 872.4ms)


Started GET "/" for 127.0.0.1 at 2018-06-27 19:04:30 +0200
Processing by TrisController#tris as HTML
  Rendering tris/tris.html within layouts/application
  Rendered tris/tris.html within layouts/application (2.0ms)
Completed 200 OK in 671ms (Views: 339.7ms)


Started GET "/cable" for 127.0.0.1 at 2018-06-27 19:04:45 +0200
Started GET "/cable/" [WebSocket] for 127.0.0.1 at 2018-06-27 19:04:45 +0200
Successfully upgraded to WebSocket (REQUEST_METHOD: GET, HTTP_CONNECTION: Upgrade, HTTP_UPGRADE: websocket)
Subscription class not found: "MailboxChannel"
Started GET "/" for 127.0.0.1 at 2018-06-27 19:07:51 +0200
Processing by TrisController#tris as HTML
  Rendering tris/tris.html within layouts/application
  Rendered tris/tris.html within layouts/application (3.6ms)
Completed 200 OK in 71ms (Views: 65.4ms)


Started GET "/" for 127.0.0.1 at 2018-06-27 19:11:49 +0200
Processing by TrisController#tris as HTML
  Rendering tris/tris.html within layouts/application
  Rendered tris/tris.html within layouts/application (1.2ms)
Completed 200 OK in 39ms (Views: 38.0ms)


Started GET "/" for 127.0.0.1 at 2018-06-27 19:13:17 +0200
Processing by TrisController#tris as HTML
  Rendering tris/tris.html within layouts/application
  Rendered tris/tris.html within layouts/application (0.5ms)
Completed 200 OK in 35ms (Views: 33.5ms)


Started GET "/" for 127.0.0.1 at 2018-06-27 19:13:50 +0200
Processing by TrisController#tris as HTML
  Rendering tris/tris.html within layouts/application
  Rendered tris/tris.html within layouts/application (0.5ms)
Completed 200 OK in 34ms (Views: 33.0ms)


Started GET "/" for 127.0.0.1 at 2018-06-27 19:14:43 +0200
Processing by TrisController#tris as HTML
  Rendering tris/tris.html within layouts/application
  Rendered tris/tris.html within layouts/application (0.9ms)
Completed 200 OK in 32ms (Views: 30.5ms)


Started GET "/" for 127.0.0.1 at 2018-06-27 19:17:01 +0200
Processing by TrisController#tris as HTML
  Rendering tris/tris.html within layouts/application
  Rendered tris/tris.html within layouts/application (0.5ms)
Completed 200 OK in 45ms (Views: 44.2ms)


Started GET "/" for 127.0.0.1 at 2018-06-28 13:10:43 +0200
Processing by TrisController#tris as HTML
  Rendering tris/tris.html within layouts/application
  Rendered tris/tris.html within layouts/application (1.6ms)
Completed 200 OK in 540ms (Views: 272.0ms)


Started GET "/" for 127.0.0.1 at 2018-06-28 13:14:39 +0200
Processing by TrisController#tris as HTML
  Rendering tris/tris.html within layouts/application
  Rendered tris/tris.html within layouts/application (0.5ms)
Completed 200 OK in 30ms (Views: 27.7ms)


Started GET "/" for 127.0.0.1 at 2018-06-28 13:16:13 +0200
Processing by TrisController#tris as HTML
  Rendering tris/tris.html within layouts/application
  Rendered tris/tris.html within layouts/application (0.5ms)
Completed 200 OK in 30ms (Views: 29.7ms)


Started GET "/" for 127.0.0.1 at 2018-06-28 13:18:40 +0200
Processing by TrisController#tris as HTML
  Rendering tris/tris.html within layouts/application
  Rendered tris/tris.html within layouts/application (0.6ms)
Completed 200 OK in 31ms (Views: 29.9ms)


Started GET "/" for 127.0.0.1 at 2018-06-28 13:19:05 +0200
Processing by TrisController#tris as HTML
  Rendering tris/tris.html within layouts/application
  Rendered tris/tris.html within layouts/application (0.5ms)
Completed 200 OK in 21ms (Views: 20.7ms)


Started GET "/" for 127.0.0.1 at 2018-06-28 13:19:33 +0200
Processing by TrisController#tris as HTML
  Rendering tris/tris.html within layouts/application
  Rendered tris/tris.html within layouts/application (0.6ms)
Completed 200 OK in 65ms (Views: 64.0ms)


Started GET "/" for 127.0.0.1 at 2018-06-28 13:19:37 +0200
Processing by TrisController#tris as HTML
  Rendering tris/tris.html within layouts/application
  Rendered tris/tris.html within layouts/application (0.5ms)
Completed 200 OK in 21ms (Views: 19.9ms)


Started GET "/" for 127.0.0.1 at 2018-06-28 13:20:42 +0200
Processing by TrisController#tris as HTML
  Rendering tris/tris.html within layouts/application
  Rendered tris/tris.html within layouts/application (1.5ms)
Completed 200 OK in 524ms (Views: 227.9ms)


Started GET "/" for 127.0.0.1 at 2018-06-28 13:21:10 +0200
Processing by TrisController#tris as HTML
  Rendering tris/tris.html within layouts/application
  Rendered tris/tris.html within layouts/application (0.5ms)
Completed 200 OK in 38ms (Views: 37.1ms)


Started GET "/" for 127.0.0.1 at 2018-06-28 13:26:50 +0200
Processing by TrisController#tris as HTML
  Rendering tris/tris.html within layouts/application
  Rendered tris/tris.html within layouts/application (1.6ms)
Completed 200 OK in 656ms (Views: 338.3ms)


Started GET "/" for 127.0.0.1 at 2018-06-30 21:01:03 +0200
Processing by TrisController#tris as HTML
  Rendering tris/tris.html within layouts/application
  Rendered tris/tris.html within layouts/application (1.5ms)
Completed 200 OK in 484ms (Views: 279.1ms)


Started GET "/cable" for 127.0.0.1 at 2018-06-30 21:01:09 +0200
Started GET "/cable/" [WebSocket] for 127.0.0.1 at 2018-06-30 21:01:10 +0200
Successfully upgraded to WebSocket (REQUEST_METHOD: GET, HTTP_CONNECTION: keep-alive, Upgrade, HTTP_UPGRADE: websocket)
Subscription class not found: "MailboxChannel"
Started GET "/cable" for 127.0.0.1 at 2018-06-30 21:01:25 +0200
Started GET "/cable/" [WebSocket] for 127.0.0.1 at 2018-06-30 21:01:25 +0200
Successfully upgraded to WebSocket (REQUEST_METHOD: GET, HTTP_CONNECTION: Upgrade, HTTP_UPGRADE: websocket)
Subscription class not found: "MailboxChannel"
